<?xml version="1.0" encoding="UTF-8"?>
<testng-results skipped="0" failed="0" ignored="0" total="2" passed="2">
  <reporter-output>
  </reporter-output>
  <suite name="Default suite" duration-ms="6637" started-at="2023-04-06T16:26:04 CDT" finished-at="2023-04-06T16:26:11 CDT">
    <groups>
    </groups>
    <test name="Default test" duration-ms="6637" started-at="2023-04-06T16:26:04 CDT" finished-at="2023-04-06T16:26:11 CDT">
      <class name="test.NssListTest">
        <test-method status="PASS" signature="initBrowserFactory()[pri:0, instance:test.NssListTest@396f6598]" name="initBrowserFactory" duration-ms="4022" started-at="2023-04-06T16:26:04 CDT" finished-at="2023-04-06T16:26:08 CDT">
          <reporter-output>
          </reporter-output>
        </test-method> <!-- initBrowserFactory -->
        <test-method status="PASS" signature="useCase4()[pri:0, instance:test.NssListTest@396f6598]" name="useCase4" duration-ms="2567" started-at="2023-04-06T16:26:08 CDT" finished-at="2023-04-06T16:26:11 CDT">
          <reporter-output>
          </reporter-output>
        </test-method> <!-- useCase4 -->
      </class> <!-- test.NssListTest -->
    </test> <!-- Default test -->
  </suite> <!-- Default suite -->
</testng-results>
